<?xml version="1.0" encoding="UTF-8"?>
<testsuite xmlns:xsi="http://www.w3.org/2001/XMLSchema-instance" xsi:noNamespaceSchemaLocation="https://maven.apache.org/surefire/maven-surefire-plugin/xsd/surefire-test-report.xsd" name="com.example.demo.inventory.rest.InventoryRestControllerTests" time="7.514" tests="1" errors="0" skipped="0" failures="1">
  <properties>
    <property name="java.specification.version" value="13"/>
    <property name="sun.jnu.encoding" value="UTF-8"/>
    <property name="java.class.path" value="/home/ahmed/Desktop/Tartu/Semester2/EnterpriseSystemsIntegration/HWs/HW2/esihw2/target/test-classes:/home/ahmed/Desktop/Tartu/Semester2/EnterpriseSystemsIntegration/HWs/HW2/esihw2/target/classes:/home/ahmed/.m2/repository/org/springframework/boot/spring-boot-starter-thymeleaf/2.1.2.RELEASE/spring-boot-starter-thymeleaf-2.1.2.RELEASE.jar:/home/ahmed/.m2/repository/org/springframework/boot/spring-boot-starter/2.1.2.RELEASE/spring-boot-starter-2.1.2.RELEASE.jar:/home/ahmed/.m2/repository/org/springframework/boot/spring-boot/2.1.2.RELEASE/spring-boot-2.1.2.RELEASE.jar:/home/ahmed/.m2/repository/org/springframework/boot/spring-boot-autoconfigure/2.1.2.RELEASE/spring-boot-autoconfigure-2.1.2.RELEASE.jar:/home/ahmed/.m2/repository/org/springframework/boot/spring-boot-starter-logging/2.1.2.RELEASE/spring-boot-starter-logging-2.1.2.RELEASE.jar:/home/ahmed/.m2/repository/ch/qos/logback/logback-classic/1.2.3/logback-classic-1.2.3.jar:/home/ahmed/.m2/repository/ch/qos/logback/logback-core/1.2.3/logback-core-1.2.3.jar:/home/ahmed/.m2/repository/org/apache/logging/log4j/log4j-to-slf4j/2.11.1/log4j-to-slf4j-2.11.1.jar:/home/ahmed/.m2/repository/org/apache/logging/log4j/log4j-api/2.11.1/log4j-api-2.11.1.jar:/home/ahmed/.m2/repository/org/slf4j/jul-to-slf4j/1.7.25/jul-to-slf4j-1.7.25.jar:/home/ahmed/.m2/repository/javax/annotation/javax.annotation-api/1.3.2/javax.annotation-api-1.3.2.jar:/home/ahmed/.m2/repository/org/yaml/snakeyaml/1.23/snakeyaml-1.23.jar:/home/ahmed/.m2/repository/org/thymeleaf/thymeleaf-spring5/3.0.11.RELEASE/thymeleaf-spring5-3.0.11.RELEASE.jar:/home/ahmed/.m2/repository/org/thymeleaf/thymeleaf/3.0.11.RELEASE/thymeleaf-3.0.11.RELEASE.jar:/home/ahmed/.m2/repository/org/attoparser/attoparser/2.0.5.RELEASE/attoparser-2.0.5.RELEASE.jar:/home/ahmed/.m2/repository/org/unbescape/unbescape/1.1.6.RELEASE/unbescape-1.1.6.RELEASE.jar:/home/ahmed/.m2/repository/org/thymeleaf/extras/thymeleaf-extras-java8time/3.0.2.RELEASE/thymeleaf-extras-java8time-3.0.2.RELEASE.jar:/home/ahmed/.m2/repository/org/springframework/boot/spring-boot-starter-web/2.1.2.RELEASE/spring-boot-starter-web-2.1.2.RELEASE.jar:/home/ahmed/.m2/repository/org/springframework/boot/spring-boot-starter-json/2.1.2.RELEASE/spring-boot-starter-json-2.1.2.RELEASE.jar:/home/ahmed/.m2/repository/com/fasterxml/jackson/datatype/jackson-datatype-jdk8/2.9.8/jackson-datatype-jdk8-2.9.8.jar:/home/ahmed/.m2/repository/com/fasterxml/jackson/module/jackson-module-parameter-names/2.9.8/jackson-module-parameter-names-2.9.8.jar:/home/ahmed/.m2/repository/org/springframework/boot/spring-boot-starter-tomcat/2.1.2.RELEASE/spring-boot-starter-tomcat-2.1.2.RELEASE.jar:/home/ahmed/.m2/repository/org/apache/tomcat/embed/tomcat-embed-core/9.0.14/tomcat-embed-core-9.0.14.jar:/home/ahmed/.m2/repository/org/apache/tomcat/embed/tomcat-embed-el/9.0.14/tomcat-embed-el-9.0.14.jar:/home/ahmed/.m2/repository/org/apache/tomcat/embed/tomcat-embed-websocket/9.0.14/tomcat-embed-websocket-9.0.14.jar:/home/ahmed/.m2/repository/org/hibernate/validator/hibernate-validator/6.0.14.Final/hibernate-validator-6.0.14.Final.jar:/home/ahmed/.m2/repository/javax/validation/validation-api/2.0.1.Final/validation-api-2.0.1.Final.jar:/home/ahmed/.m2/repository/com/fasterxml/classmate/1.4.0/classmate-1.4.0.jar:/home/ahmed/.m2/repository/org/springframework/spring-web/5.1.4.RELEASE/spring-web-5.1.4.RELEASE.jar:/home/ahmed/.m2/repository/org/springframework/spring-webmvc/5.1.4.RELEASE/spring-webmvc-5.1.4.RELEASE.jar:/home/ahmed/.m2/repository/org/springframework/spring-expression/5.1.4.RELEASE/spring-expression-5.1.4.RELEASE.jar:/home/ahmed/.m2/repository/org/springframework/boot/spring-boot-starter-data-jpa/2.1.2.RELEASE/spring-boot-starter-data-jpa-2.1.2.RELEASE.jar:/home/ahmed/.m2/repository/org/springframework/boot/spring-boot-starter-aop/2.1.2.RELEASE/spring-boot-starter-aop-2.1.2.RELEASE.jar:/home/ahmed/.m2/repository/org/aspectj/aspectjweaver/1.9.2/aspectjweaver-1.9.2.jar:/home/ahmed/.m2/repository/org/springframework/boot/spring-boot-starter-jdbc/2.1.2.RELEASE/spring-boot-starter-jdbc-2.1.2.RELEASE.jar:/home/ahmed/.m2/repository/com/zaxxer/HikariCP/3.2.0/HikariCP-3.2.0.jar:/home/ahmed/.m2/repository/org/springframework/spring-jdbc/5.1.4.RELEASE/spring-jdbc-5.1.4.RELEASE.jar:/home/ahmed/.m2/repository/javax/transaction/javax.transaction-api/1.3/javax.transaction-api-1.3.jar:/home/ahmed/.m2/repository/javax/xml/bind/jaxb-api/2.3.1/jaxb-api-2.3.1.jar:/home/ahmed/.m2/repository/javax/activation/javax.activation-api/1.2.0/javax.activation-api-1.2.0.jar:/home/ahmed/.m2/repository/org/hibernate/hibernate-core/5.3.7.Final/hibernate-core-5.3.7.Final.jar:/home/ahmed/.m2/repository/javax/persistence/javax.persistence-api/2.2/javax.persistence-api-2.2.jar:/home/ahmed/.m2/repository/org/javassist/javassist/3.23.1-GA/javassist-3.23.1-GA.jar:/home/ahmed/.m2/repository/net/bytebuddy/byte-buddy/1.9.7/byte-buddy-1.9.7.jar:/home/ahmed/.m2/repository/antlr/antlr/2.7.7/antlr-2.7.7.jar:/home/ahmed/.m2/repository/org/jboss/jandex/2.0.5.Final/jandex-2.0.5.Final.jar:/home/ahmed/.m2/repository/org/dom4j/dom4j/2.1.1/dom4j-2.1.1.jar:/home/ahmed/.m2/repository/org/hibernate/common/hibernate-commons-annotations/5.0.4.Final/hibernate-commons-annotations-5.0.4.Final.jar:/home/ahmed/.m2/repository/org/springframework/data/spring-data-jpa/2.1.4.RELEASE/spring-data-jpa-2.1.4.RELEASE.jar:/home/ahmed/.m2/repository/org/springframework/data/spring-data-commons/2.1.4.RELEASE/spring-data-commons-2.1.4.RELEASE.jar:/home/ahmed/.m2/repository/org/springframework/spring-orm/5.1.4.RELEASE/spring-orm-5.1.4.RELEASE.jar:/home/ahmed/.m2/repository/org/springframework/spring-tx/5.1.4.RELEASE/spring-tx-5.1.4.RELEASE.jar:/home/ahmed/.m2/repository/org/springframework/spring-aspects/5.1.4.RELEASE/spring-aspects-5.1.4.RELEASE.jar:/home/ahmed/.m2/repository/com/h2database/h2/1.4.197/h2-1.4.197.jar:/home/ahmed/.m2/repository/org/projectlombok/lombok/1.18.4/lombok-1.18.4.jar:/home/ahmed/.m2/repository/org/postgresql/postgresql/42.2.5/postgresql-42.2.5.jar:/home/ahmed/.m2/repository/org/hibernate/hibernate-java8/5.3.7.Final/hibernate-java8-5.3.7.Final.jar:/home/ahmed/.m2/repository/org/jboss/logging/jboss-logging/3.3.2.Final/jboss-logging-3.3.2.Final.jar:/home/ahmed/.m2/repository/com/fasterxml/jackson/datatype/jackson-datatype-jsr310/2.9.8/jackson-datatype-jsr310-2.9.8.jar:/home/ahmed/.m2/repository/com/fasterxml/jackson/core/jackson-annotations/2.9.0/jackson-annotations-2.9.0.jar:/home/ahmed/.m2/repository/com/fasterxml/jackson/core/jackson-core/2.9.8/jackson-core-2.9.8.jar:/home/ahmed/.m2/repository/com/fasterxml/jackson/core/jackson-databind/2.9.8/jackson-databind-2.9.8.jar:/home/ahmed/.m2/repository/info/cukes/cucumber-java/1.2.5/cucumber-java-1.2.5.jar:/home/ahmed/.m2/repository/info/cukes/cucumber-core/1.2.5/cucumber-core-1.2.5.jar:/home/ahmed/.m2/repository/info/cukes/cucumber-html/0.2.3/cucumber-html-0.2.3.jar:/home/ahmed/.m2/repository/info/cukes/cucumber-jvm-deps/1.0.5/cucumber-jvm-deps-1.0.5.jar:/home/ahmed/.m2/repository/info/cukes/gherkin/2.12.2/gherkin-2.12.2.jar:/home/ahmed/.m2/repository/info/cukes/cucumber-spring/1.2.5/cucumber-spring-1.2.5.jar:/home/ahmed/.m2/repository/info/cukes/cucumber-junit/1.2.5/cucumber-junit-1.2.5.jar:/home/ahmed/.m2/repository/net/sourceforge/htmlunit/htmlunit/2.29/htmlunit-2.29.jar:/home/ahmed/.m2/repository/xalan/xalan/2.7.2/xalan-2.7.2.jar:/home/ahmed/.m2/repository/xalan/serializer/2.7.2/serializer-2.7.2.jar:/home/ahmed/.m2/repository/org/apache/commons/commons-lang3/3.8.1/commons-lang3-3.8.1.jar:/home/ahmed/.m2/repository/org/apache/commons/commons-text/1.2/commons-text-1.2.jar:/home/ahmed/.m2/repository/org/apache/httpcomponents/httpmime/4.5.6/httpmime-4.5.6.jar:/home/ahmed/.m2/repository/org/apache/httpcomponents/httpclient/4.5.6/httpclient-4.5.6.jar:/home/ahmed/.m2/repository/org/apache/httpcomponents/httpcore/4.4.10/httpcore-4.4.10.jar:/home/ahmed/.m2/repository/commons-codec/commons-codec/1.11/commons-codec-1.11.jar:/home/ahmed/.m2/repository/net/sourceforge/htmlunit/neko-htmlunit/2.28/neko-htmlunit-2.28.jar:/home/ahmed/.m2/repository/xerces/xercesImpl/2.11.0/xercesImpl-2.11.0.jar:/home/ahmed/.m2/repository/xml-apis/xml-apis/1.4.01/xml-apis-1.4.01.jar:/home/ahmed/.m2/repository/net/sourceforge/cssparser/cssparser/0.9.24/cssparser-0.9.24.jar:/home/ahmed/.m2/repository/org/w3c/css/sac/1.3/sac-1.3.jar:/home/ahmed/.m2/repository/commons-io/commons-io/2.6/commons-io-2.6.jar:/home/ahmed/.m2/repository/commons-net/commons-net/3.6/commons-net-3.6.jar:/home/ahmed/.m2/repository/org/eclipse/jetty/websocket/websocket-client/9.4.14.v20181114/websocket-client-9.4.14.v20181114.jar:/home/ahmed/.m2/repository/org/eclipse/jetty/jetty-client/9.4.14.v20181114/jetty-client-9.4.14.v20181114.jar:/home/ahmed/.m2/repository/org/eclipse/jetty/jetty-http/9.4.14.v20181114/jetty-http-9.4.14.v20181114.jar:/home/ahmed/.m2/repository/org/eclipse/jetty/jetty-xml/9.4.14.v20181114/jetty-xml-9.4.14.v20181114.jar:/home/ahmed/.m2/repository/org/eclipse/jetty/jetty-util/9.4.14.v20181114/jetty-util-9.4.14.v20181114.jar:/home/ahmed/.m2/repository/org/eclipse/jetty/jetty-io/9.4.14.v20181114/jetty-io-9.4.14.v20181114.jar:/home/ahmed/.m2/repository/org/eclipse/jetty/websocket/websocket-common/9.4.14.v20181114/websocket-common-9.4.14.v20181114.jar:/home/ahmed/.m2/repository/org/eclipse/jetty/websocket/websocket-api/9.4.14.v20181114/websocket-api-9.4.14.v20181114.jar:/home/ahmed/.m2/repository/net/sourceforge/htmlunit/htmlunit-core-js/2.28/htmlunit-core-js-2.28.jar:/home/ahmed/.m2/repository/org/springframework/hateoas/spring-hateoas/0.24.0.RELEASE/spring-hateoas-0.24.0.RELEASE.jar:/home/ahmed/.m2/repository/org/springframework/spring-aop/5.1.4.RELEASE/spring-aop-5.1.4.RELEASE.jar:/home/ahmed/.m2/repository/org/springframework/spring-beans/5.1.4.RELEASE/spring-beans-5.1.4.RELEASE.jar:/home/ahmed/.m2/repository/org/springframework/spring-context/5.1.4.RELEASE/spring-context-5.1.4.RELEASE.jar:/home/ahmed/.m2/repository/org/springframework/spring-core/5.1.4.RELEASE/spring-core-5.1.4.RELEASE.jar:/home/ahmed/.m2/repository/org/springframework/spring-jcl/5.1.4.RELEASE/spring-jcl-5.1.4.RELEASE.jar:/home/ahmed/.m2/repository/org/slf4j/slf4j-api/1.7.25/slf4j-api-1.7.25.jar:/home/ahmed/.m2/repository/org/springframework/plugin/spring-plugin-core/1.2.0.RELEASE/spring-plugin-core-1.2.0.RELEASE.jar:/home/ahmed/.m2/repository/org/springframework/boot/spring-boot-starter-test/2.1.2.RELEASE/spring-boot-starter-test-2.1.2.RELEASE.jar:/home/ahmed/.m2/repository/org/springframework/boot/spring-boot-test/2.1.2.RELEASE/spring-boot-test-2.1.2.RELEASE.jar:/home/ahmed/.m2/repository/org/springframework/boot/spring-boot-test-autoconfigure/2.1.2.RELEASE/spring-boot-test-autoconfigure-2.1.2.RELEASE.jar:/home/ahmed/.m2/repository/com/jayway/jsonpath/json-path/2.4.0/json-path-2.4.0.jar:/home/ahmed/.m2/repository/net/minidev/json-smart/2.3/json-smart-2.3.jar:/home/ahmed/.m2/repository/net/minidev/accessors-smart/1.2/accessors-smart-1.2.jar:/home/ahmed/.m2/repository/org/ow2/asm/asm/5.0.4/asm-5.0.4.jar:/home/ahmed/.m2/repository/org/assertj/assertj-core/3.11.1/assertj-core-3.11.1.jar:/home/ahmed/.m2/repository/org/mockito/mockito-core/2.23.4/mockito-core-2.23.4.jar:/home/ahmed/.m2/repository/net/bytebuddy/byte-buddy-agent/1.9.7/byte-buddy-agent-1.9.7.jar:/home/ahmed/.m2/repository/org/objenesis/objenesis/2.6/objenesis-2.6.jar:/home/ahmed/.m2/repository/org/hamcrest/hamcrest-core/1.3/hamcrest-core-1.3.jar:/home/ahmed/.m2/repository/org/hamcrest/hamcrest-library/1.3/hamcrest-library-1.3.jar:/home/ahmed/.m2/repository/org/skyscreamer/jsonassert/1.5.0/jsonassert-1.5.0.jar:/home/ahmed/.m2/repository/com/vaadin/external/google/android-json/0.0.20131108.vaadin1/android-json-0.0.20131108.vaadin1.jar:/home/ahmed/.m2/repository/org/springframework/spring-test/5.1.4.RELEASE/spring-test-5.1.4.RELEASE.jar:/home/ahmed/.m2/repository/org/xmlunit/xmlunit-core/2.6.2/xmlunit-core-2.6.2.jar:/home/ahmed/.m2/repository/junit/junit/4.12/junit-4.12.jar:"/>
    <property name="java.vm.vendor" value="Oracle Corporation"/>
    <property name="sun.arch.data.model" value="64"/>
    <property name="java.vendor.url" value="https://openjdk.java.net/"/>
    <property name="os.name" value="Linux"/>
    <property name="java.vm.specification.version" value="13"/>
    <property name="sun.java.launcher" value="SUN_STANDARD"/>
    <property name="user.country" value="US"/>
    <property name="sun.boot.library.path" value="/usr/lib/jvm/java-13-openjdk/lib"/>
    <property name="sun.java.command" value="/home/ahmed/Desktop/Tartu/Semester2/EnterpriseSystemsIntegration/HWs/HW2/esihw2/target/surefire/surefirebooter10775740685948880812.jar /home/ahmed/Desktop/Tartu/Semester2/EnterpriseSystemsIntegration/HWs/HW2/esihw2/target/surefire 2020-03-26T02-46-02_158-jvmRun1 surefire5933038801976327881tmp surefire_05211910197990464014tmp"/>
    <property name="jdk.debug" value="release"/>
    <property name="surefire.test.class.path" value="/home/ahmed/Desktop/Tartu/Semester2/EnterpriseSystemsIntegration/HWs/HW2/esihw2/target/test-classes:/home/ahmed/Desktop/Tartu/Semester2/EnterpriseSystemsIntegration/HWs/HW2/esihw2/target/classes:/home/ahmed/.m2/repository/org/springframework/boot/spring-boot-starter-thymeleaf/2.1.2.RELEASE/spring-boot-starter-thymeleaf-2.1.2.RELEASE.jar:/home/ahmed/.m2/repository/org/springframework/boot/spring-boot-starter/2.1.2.RELEASE/spring-boot-starter-2.1.2.RELEASE.jar:/home/ahmed/.m2/repository/org/springframework/boot/spring-boot/2.1.2.RELEASE/spring-boot-2.1.2.RELEASE.jar:/home/ahmed/.m2/repository/org/springframework/boot/spring-boot-autoconfigure/2.1.2.RELEASE/spring-boot-autoconfigure-2.1.2.RELEASE.jar:/home/ahmed/.m2/repository/org/springframework/boot/spring-boot-starter-logging/2.1.2.RELEASE/spring-boot-starter-logging-2.1.2.RELEASE.jar:/home/ahmed/.m2/repository/ch/qos/logback/logback-classic/1.2.3/logback-classic-1.2.3.jar:/home/ahmed/.m2/repository/ch/qos/logback/logback-core/1.2.3/logback-core-1.2.3.jar:/home/ahmed/.m2/repository/org/apache/logging/log4j/log4j-to-slf4j/2.11.1/log4j-to-slf4j-2.11.1.jar:/home/ahmed/.m2/repository/org/apache/logging/log4j/log4j-api/2.11.1/log4j-api-2.11.1.jar:/home/ahmed/.m2/repository/org/slf4j/jul-to-slf4j/1.7.25/jul-to-slf4j-1.7.25.jar:/home/ahmed/.m2/repository/javax/annotation/javax.annotation-api/1.3.2/javax.annotation-api-1.3.2.jar:/home/ahmed/.m2/repository/org/yaml/snakeyaml/1.23/snakeyaml-1.23.jar:/home/ahmed/.m2/repository/org/thymeleaf/thymeleaf-spring5/3.0.11.RELEASE/thymeleaf-spring5-3.0.11.RELEASE.jar:/home/ahmed/.m2/repository/org/thymeleaf/thymeleaf/3.0.11.RELEASE/thymeleaf-3.0.11.RELEASE.jar:/home/ahmed/.m2/repository/org/attoparser/attoparser/2.0.5.RELEASE/attoparser-2.0.5.RELEASE.jar:/home/ahmed/.m2/repository/org/unbescape/unbescape/1.1.6.RELEASE/unbescape-1.1.6.RELEASE.jar:/home/ahmed/.m2/repository/org/thymeleaf/extras/thymeleaf-extras-java8time/3.0.2.RELEASE/thymeleaf-extras-java8time-3.0.2.RELEASE.jar:/home/ahmed/.m2/repository/org/springframework/boot/spring-boot-starter-web/2.1.2.RELEASE/spring-boot-starter-web-2.1.2.RELEASE.jar:/home/ahmed/.m2/repository/org/springframework/boot/spring-boot-starter-json/2.1.2.RELEASE/spring-boot-starter-json-2.1.2.RELEASE.jar:/home/ahmed/.m2/repository/com/fasterxml/jackson/datatype/jackson-datatype-jdk8/2.9.8/jackson-datatype-jdk8-2.9.8.jar:/home/ahmed/.m2/repository/com/fasterxml/jackson/module/jackson-module-parameter-names/2.9.8/jackson-module-parameter-names-2.9.8.jar:/home/ahmed/.m2/repository/org/springframework/boot/spring-boot-starter-tomcat/2.1.2.RELEASE/spring-boot-starter-tomcat-2.1.2.RELEASE.jar:/home/ahmed/.m2/repository/org/apache/tomcat/embed/tomcat-embed-core/9.0.14/tomcat-embed-core-9.0.14.jar:/home/ahmed/.m2/repository/org/apache/tomcat/embed/tomcat-embed-el/9.0.14/tomcat-embed-el-9.0.14.jar:/home/ahmed/.m2/repository/org/apache/tomcat/embed/tomcat-embed-websocket/9.0.14/tomcat-embed-websocket-9.0.14.jar:/home/ahmed/.m2/repository/org/hibernate/validator/hibernate-validator/6.0.14.Final/hibernate-validator-6.0.14.Final.jar:/home/ahmed/.m2/repository/javax/validation/validation-api/2.0.1.Final/validation-api-2.0.1.Final.jar:/home/ahmed/.m2/repository/com/fasterxml/classmate/1.4.0/classmate-1.4.0.jar:/home/ahmed/.m2/repository/org/springframework/spring-web/5.1.4.RELEASE/spring-web-5.1.4.RELEASE.jar:/home/ahmed/.m2/repository/org/springframework/spring-webmvc/5.1.4.RELEASE/spring-webmvc-5.1.4.RELEASE.jar:/home/ahmed/.m2/repository/org/springframework/spring-expression/5.1.4.RELEASE/spring-expression-5.1.4.RELEASE.jar:/home/ahmed/.m2/repository/org/springframework/boot/spring-boot-starter-data-jpa/2.1.2.RELEASE/spring-boot-starter-data-jpa-2.1.2.RELEASE.jar:/home/ahmed/.m2/repository/org/springframework/boot/spring-boot-starter-aop/2.1.2.RELEASE/spring-boot-starter-aop-2.1.2.RELEASE.jar:/home/ahmed/.m2/repository/org/aspectj/aspectjweaver/1.9.2/aspectjweaver-1.9.2.jar:/home/ahmed/.m2/repository/org/springframework/boot/spring-boot-starter-jdbc/2.1.2.RELEASE/spring-boot-starter-jdbc-2.1.2.RELEASE.jar:/home/ahmed/.m2/repository/com/zaxxer/HikariCP/3.2.0/HikariCP-3.2.0.jar:/home/ahmed/.m2/repository/org/springframework/spring-jdbc/5.1.4.RELEASE/spring-jdbc-5.1.4.RELEASE.jar:/home/ahmed/.m2/repository/javax/transaction/javax.transaction-api/1.3/javax.transaction-api-1.3.jar:/home/ahmed/.m2/repository/javax/xml/bind/jaxb-api/2.3.1/jaxb-api-2.3.1.jar:/home/ahmed/.m2/repository/javax/activation/javax.activation-api/1.2.0/javax.activation-api-1.2.0.jar:/home/ahmed/.m2/repository/org/hibernate/hibernate-core/5.3.7.Final/hibernate-core-5.3.7.Final.jar:/home/ahmed/.m2/repository/javax/persistence/javax.persistence-api/2.2/javax.persistence-api-2.2.jar:/home/ahmed/.m2/repository/org/javassist/javassist/3.23.1-GA/javassist-3.23.1-GA.jar:/home/ahmed/.m2/repository/net/bytebuddy/byte-buddy/1.9.7/byte-buddy-1.9.7.jar:/home/ahmed/.m2/repository/antlr/antlr/2.7.7/antlr-2.7.7.jar:/home/ahmed/.m2/repository/org/jboss/jandex/2.0.5.Final/jandex-2.0.5.Final.jar:/home/ahmed/.m2/repository/org/dom4j/dom4j/2.1.1/dom4j-2.1.1.jar:/home/ahmed/.m2/repository/org/hibernate/common/hibernate-commons-annotations/5.0.4.Final/hibernate-commons-annotations-5.0.4.Final.jar:/home/ahmed/.m2/repository/org/springframework/data/spring-data-jpa/2.1.4.RELEASE/spring-data-jpa-2.1.4.RELEASE.jar:/home/ahmed/.m2/repository/org/springframework/data/spring-data-commons/2.1.4.RELEASE/spring-data-commons-2.1.4.RELEASE.jar:/home/ahmed/.m2/repository/org/springframework/spring-orm/5.1.4.RELEASE/spring-orm-5.1.4.RELEASE.jar:/home/ahmed/.m2/repository/org/springframework/spring-tx/5.1.4.RELEASE/spring-tx-5.1.4.RELEASE.jar:/home/ahmed/.m2/repository/org/springframework/spring-aspects/5.1.4.RELEASE/spring-aspects-5.1.4.RELEASE.jar:/home/ahmed/.m2/repository/com/h2database/h2/1.4.197/h2-1.4.197.jar:/home/ahmed/.m2/repository/org/projectlombok/lombok/1.18.4/lombok-1.18.4.jar:/home/ahmed/.m2/repository/org/postgresql/postgresql/42.2.5/postgresql-42.2.5.jar:/home/ahmed/.m2/repository/org/hibernate/hibernate-java8/5.3.7.Final/hibernate-java8-5.3.7.Final.jar:/home/ahmed/.m2/repository/org/jboss/logging/jboss-logging/3.3.2.Final/jboss-logging-3.3.2.Final.jar:/home/ahmed/.m2/repository/com/fasterxml/jackson/datatype/jackson-datatype-jsr310/2.9.8/jackson-datatype-jsr310-2.9.8.jar:/home/ahmed/.m2/repository/com/fasterxml/jackson/core/jackson-annotations/2.9.0/jackson-annotations-2.9.0.jar:/home/ahmed/.m2/repository/com/fasterxml/jackson/core/jackson-core/2.9.8/jackson-core-2.9.8.jar:/home/ahmed/.m2/repository/com/fasterxml/jackson/core/jackson-databind/2.9.8/jackson-databind-2.9.8.jar:/home/ahmed/.m2/repository/info/cukes/cucumber-java/1.2.5/cucumber-java-1.2.5.jar:/home/ahmed/.m2/repository/info/cukes/cucumber-core/1.2.5/cucumber-core-1.2.5.jar:/home/ahmed/.m2/repository/info/cukes/cucumber-html/0.2.3/cucumber-html-0.2.3.jar:/home/ahmed/.m2/repository/info/cukes/cucumber-jvm-deps/1.0.5/cucumber-jvm-deps-1.0.5.jar:/home/ahmed/.m2/repository/info/cukes/gherkin/2.12.2/gherkin-2.12.2.jar:/home/ahmed/.m2/repository/info/cukes/cucumber-spring/1.2.5/cucumber-spring-1.2.5.jar:/home/ahmed/.m2/repository/info/cukes/cucumber-junit/1.2.5/cucumber-junit-1.2.5.jar:/home/ahmed/.m2/repository/net/sourceforge/htmlunit/htmlunit/2.29/htmlunit-2.29.jar:/home/ahmed/.m2/repository/xalan/xalan/2.7.2/xalan-2.7.2.jar:/home/ahmed/.m2/repository/xalan/serializer/2.7.2/serializer-2.7.2.jar:/home/ahmed/.m2/repository/org/apache/commons/commons-lang3/3.8.1/commons-lang3-3.8.1.jar:/home/ahmed/.m2/repository/org/apache/commons/commons-text/1.2/commons-text-1.2.jar:/home/ahmed/.m2/repository/org/apache/httpcomponents/httpmime/4.5.6/httpmime-4.5.6.jar:/home/ahmed/.m2/repository/org/apache/httpcomponents/httpclient/4.5.6/httpclient-4.5.6.jar:/home/ahmed/.m2/repository/org/apache/httpcomponents/httpcore/4.4.10/httpcore-4.4.10.jar:/home/ahmed/.m2/repository/commons-codec/commons-codec/1.11/commons-codec-1.11.jar:/home/ahmed/.m2/repository/net/sourceforge/htmlunit/neko-htmlunit/2.28/neko-htmlunit-2.28.jar:/home/ahmed/.m2/repository/xerces/xercesImpl/2.11.0/xercesImpl-2.11.0.jar:/home/ahmed/.m2/repository/xml-apis/xml-apis/1.4.01/xml-apis-1.4.01.jar:/home/ahmed/.m2/repository/net/sourceforge/cssparser/cssparser/0.9.24/cssparser-0.9.24.jar:/home/ahmed/.m2/repository/org/w3c/css/sac/1.3/sac-1.3.jar:/home/ahmed/.m2/repository/commons-io/commons-io/2.6/commons-io-2.6.jar:/home/ahmed/.m2/repository/commons-net/commons-net/3.6/commons-net-3.6.jar:/home/ahmed/.m2/repository/org/eclipse/jetty/websocket/websocket-client/9.4.14.v20181114/websocket-client-9.4.14.v20181114.jar:/home/ahmed/.m2/repository/org/eclipse/jetty/jetty-client/9.4.14.v20181114/jetty-client-9.4.14.v20181114.jar:/home/ahmed/.m2/repository/org/eclipse/jetty/jetty-http/9.4.14.v20181114/jetty-http-9.4.14.v20181114.jar:/home/ahmed/.m2/repository/org/eclipse/jetty/jetty-xml/9.4.14.v20181114/jetty-xml-9.4.14.v20181114.jar:/home/ahmed/.m2/repository/org/eclipse/jetty/jetty-util/9.4.14.v20181114/jetty-util-9.4.14.v20181114.jar:/home/ahmed/.m2/repository/org/eclipse/jetty/jetty-io/9.4.14.v20181114/jetty-io-9.4.14.v20181114.jar:/home/ahmed/.m2/repository/org/eclipse/jetty/websocket/websocket-common/9.4.14.v20181114/websocket-common-9.4.14.v20181114.jar:/home/ahmed/.m2/repository/org/eclipse/jetty/websocket/websocket-api/9.4.14.v20181114/websocket-api-9.4.14.v20181114.jar:/home/ahmed/.m2/repository/net/sourceforge/htmlunit/htmlunit-core-js/2.28/htmlunit-core-js-2.28.jar:/home/ahmed/.m2/repository/org/springframework/hateoas/spring-hateoas/0.24.0.RELEASE/spring-hateoas-0.24.0.RELEASE.jar:/home/ahmed/.m2/repository/org/springframework/spring-aop/5.1.4.RELEASE/spring-aop-5.1.4.RELEASE.jar:/home/ahmed/.m2/repository/org/springframework/spring-beans/5.1.4.RELEASE/spring-beans-5.1.4.RELEASE.jar:/home/ahmed/.m2/repository/org/springframework/spring-context/5.1.4.RELEASE/spring-context-5.1.4.RELEASE.jar:/home/ahmed/.m2/repository/org/springframework/spring-core/5.1.4.RELEASE/spring-core-5.1.4.RELEASE.jar:/home/ahmed/.m2/repository/org/springframework/spring-jcl/5.1.4.RELEASE/spring-jcl-5.1.4.RELEASE.jar:/home/ahmed/.m2/repository/org/slf4j/slf4j-api/1.7.25/slf4j-api-1.7.25.jar:/home/ahmed/.m2/repository/org/springframework/plugin/spring-plugin-core/1.2.0.RELEASE/spring-plugin-core-1.2.0.RELEASE.jar:/home/ahmed/.m2/repository/org/springframework/boot/spring-boot-starter-test/2.1.2.RELEASE/spring-boot-starter-test-2.1.2.RELEASE.jar:/home/ahmed/.m2/repository/org/springframework/boot/spring-boot-test/2.1.2.RELEASE/spring-boot-test-2.1.2.RELEASE.jar:/home/ahmed/.m2/repository/org/springframework/boot/spring-boot-test-autoconfigure/2.1.2.RELEASE/spring-boot-test-autoconfigure-2.1.2.RELEASE.jar:/home/ahmed/.m2/repository/com/jayway/jsonpath/json-path/2.4.0/json-path-2.4.0.jar:/home/ahmed/.m2/repository/net/minidev/json-smart/2.3/json-smart-2.3.jar:/home/ahmed/.m2/repository/net/minidev/accessors-smart/1.2/accessors-smart-1.2.jar:/home/ahmed/.m2/repository/org/ow2/asm/asm/5.0.4/asm-5.0.4.jar:/home/ahmed/.m2/repository/org/assertj/assertj-core/3.11.1/assertj-core-3.11.1.jar:/home/ahmed/.m2/repository/org/mockito/mockito-core/2.23.4/mockito-core-2.23.4.jar:/home/ahmed/.m2/repository/net/bytebuddy/byte-buddy-agent/1.9.7/byte-buddy-agent-1.9.7.jar:/home/ahmed/.m2/repository/org/objenesis/objenesis/2.6/objenesis-2.6.jar:/home/ahmed/.m2/repository/org/hamcrest/hamcrest-core/1.3/hamcrest-core-1.3.jar:/home/ahmed/.m2/repository/org/hamcrest/hamcrest-library/1.3/hamcrest-library-1.3.jar:/home/ahmed/.m2/repository/org/skyscreamer/jsonassert/1.5.0/jsonassert-1.5.0.jar:/home/ahmed/.m2/repository/com/vaadin/external/google/android-json/0.0.20131108.vaadin1/android-json-0.0.20131108.vaadin1.jar:/home/ahmed/.m2/repository/org/springframework/spring-test/5.1.4.RELEASE/spring-test-5.1.4.RELEASE.jar:/home/ahmed/.m2/repository/org/xmlunit/xmlunit-core/2.6.2/xmlunit-core-2.6.2.jar:/home/ahmed/.m2/repository/junit/junit/4.12/junit-4.12.jar:"/>
    <property name="sun.cpu.endian" value="little"/>
    <property name="user.home" value="/home/ahmed"/>
    <property name="user.language" value="en"/>
    <property name="java.specification.vendor" value="Oracle Corporation"/>
    <property name="java.version.date" value="2020-01-14"/>
    <property name="java.home" value="/usr/lib/jvm/java-13-openjdk"/>
    <property name="file.separator" value="/"/>
    <property name="basedir" value="/home/ahmed/Desktop/Tartu/Semester2/EnterpriseSystemsIntegration/HWs/HW2/esihw2"/>
    <property name="java.vm.compressedOopsMode" value="Zero based"/>
    <property name="line.separator" value="&#10;"/>
    <property name="java.vm.specification.vendor" value="Oracle Corporation"/>
    <property name="java.specification.name" value="Java Platform API Specification"/>
    <property name="surefire.real.class.path" value="/home/ahmed/Desktop/Tartu/Semester2/EnterpriseSystemsIntegration/HWs/HW2/esihw2/target/surefire/surefirebooter10775740685948880812.jar"/>
    <property name="sun.management.compiler" value="HotSpot 64-Bit Tiered Compilers"/>
    <property name="java.runtime.version" value="13.0.2+8"/>
    <property name="user.name" value="ahmed"/>
    <property name="path.separator" value=":"/>
    <property name="os.version" value="5.5.11-1-MANJARO"/>
    <property name="java.runtime.name" value="OpenJDK Runtime Environment"/>
    <property name="file.encoding" value="UTF-8"/>
    <property name="java.vm.name" value="OpenJDK 64-Bit Server VM"/>
    <property name="localRepository" value="/home/ahmed/.m2/repository"/>
    <property name="java.vendor.url.bug" value="https://bugreport.java.com/bugreport/"/>
    <property name="java.io.tmpdir" value="/tmp"/>
    <property name="java.version" value="13.0.2"/>
    <property name="user.dir" value="/home/ahmed/Desktop/Tartu/Semester2/EnterpriseSystemsIntegration/HWs/HW2/esihw2"/>
    <property name="os.arch" value="amd64"/>
    <property name="java.vm.specification.name" value="Java Virtual Machine Specification"/>
    <property name="java.library.path" value="/usr/java/packages/lib:/usr/lib64:/lib64:/lib:/usr/lib"/>
    <property name="java.vm.info" value="mixed mode"/>
    <property name="java.vendor" value="N/A"/>
    <property name="java.vm.version" value="13.0.2+8"/>
    <property name="sun.io.unicode.encoding" value="UnicodeLittle"/>
    <property name="java.class.version" value="57.0"/>
  </properties>
  <testcase name="updatePlantEquipmentCondition" classname="com.example.demo.inventory.rest.InventoryRestControllerTests" time="0.368">
    <failure message="expected:&lt;[2]00&gt; but was:&lt;[4]00&gt;" type="org.junit.ComparisonFailure"><![CDATA[org.junit.ComparisonFailure: expected:<[2]00> but was:<[4]00>
	at com.example.demo.inventory.rest.InventoryRestControllerTests.updatePlantEquipmentCondition(InventoryRestControllerTests.java:90)
]]></failure>
    <system-out><![CDATA[2020-03-26 02:46:03.279  INFO   --- [           main] .b.t.c.SpringBootTestContextBootstrapper : Neither @ContextConfiguration nor @ContextHierarchy found for test class [com.example.demo.inventory.rest.InventoryRestControllerTests], using SpringBootContextLoader
2020-03-26 02:46:03.300  INFO   --- [           main] o.s.t.c.support.AbstractContextLoader    : Could not detect default resource locations for test class [com.example.demo.inventory.rest.InventoryRestControllerTests]: no resource found for suffixes {-context.xml, Context.groovy}.
2020-03-26 02:46:03.542  INFO   --- [           main] .b.t.c.SpringBootTestContextBootstrapper : Loaded default TestExecutionListener class names from location [META-INF/spring.factories]: [org.springframework.boot.test.mock.mockito.MockitoTestExecutionListener, org.springframework.boot.test.mock.mockito.ResetMocksTestExecutionListener, org.springframework.boot.test.autoconfigure.restdocs.RestDocsTestExecutionListener, org.springframework.boot.test.autoconfigure.web.client.MockRestServiceServerResetTestExecutionListener, org.springframework.boot.test.autoconfigure.web.servlet.MockMvcPrintOnlyOnFailureTestExecutionListener, org.springframework.boot.test.autoconfigure.web.servlet.WebDriverTestExecutionListener, org.springframework.test.context.web.ServletTestExecutionListener, org.springframework.test.context.support.DirtiesContextBeforeModesTestExecutionListener, org.springframework.test.context.support.DependencyInjectionTestExecutionListener, org.springframework.test.context.support.DirtiesContextTestExecutionListener, org.springframework.test.context.transaction.TransactionalTestExecutionListener, org.springframework.test.context.jdbc.SqlScriptsTestExecutionListener]
2020-03-26 02:46:03.559  INFO   --- [           main] .b.t.c.SpringBootTestContextBootstrapper : Using TestExecutionListeners: [org.springframework.test.context.web.ServletTestExecutionListener@6b7906b3, org.springframework.test.context.support.DirtiesContextBeforeModesTestExecutionListener@3a1dd365, org.springframework.boot.test.mock.mockito.MockitoTestExecutionListener@395b56bb, org.springframework.boot.test.autoconfigure.SpringBootDependencyInjectionTestExecutionListener@256f8274, org.springframework.test.context.support.DirtiesContextTestExecutionListener@68044f4, org.springframework.test.context.transaction.TransactionalTestExecutionListener@52d239ba, org.springframework.test.context.jdbc.SqlScriptsTestExecutionListener@315f43d5, org.springframework.boot.test.mock.mockito.ResetMocksTestExecutionListener@68fa0ba8, org.springframework.boot.test.autoconfigure.restdocs.RestDocsTestExecutionListener@6c5945a7, org.springframework.boot.test.autoconfigure.web.client.MockRestServiceServerResetTestExecutionListener@2f05be7f, org.springframework.boot.test.autoconfigure.web.servlet.MockMvcPrintOnlyOnFailureTestExecutionListener@640f11a1, org.springframework.boot.test.autoconfigure.web.servlet.WebDriverTestExecutionListener@5c10f1c3]

  .   ____          _            __ _ _
 /\\ / ___'_ __ _ _(_)_ __  __ _ \ \ \ \
( ( )\___ | '_ | '_| | '_ \/ _` | \ \ \ \
 \\/  ___)| |_)| | | | | || (_| |  ) ) ) )
  '  |____| .__|_| |_|_| |_\__, | / / / /
 =========|_|==============|___/=/_/_/_/
 :: Spring Boot ::        (v2.1.2.RELEASE)

2020-03-26 02:46:03.889  INFO 22000 --- [           main] c.e.d.i.r.InventoryRestControllerTests   : Starting InventoryRestControllerTests on ahmed-ut-pc with PID 22000 (started by ahmed in /home/ahmed/Desktop/Tartu/Semester2/EnterpriseSystemsIntegration/HWs/HW2/esihw2)
2020-03-26 02:46:03.891  INFO 22000 --- [           main] c.e.d.i.r.InventoryRestControllerTests   : No active profile set, falling back to default profiles: default
2020-03-26 02:46:03.948 DEBUG 22000 --- [           main] o.s.w.c.s.GenericWebApplicationContext   : Refreshing org.springframework.web.context.support.GenericWebApplicationContext@7bb3a9fe
2020-03-26 02:46:05.088  INFO 22000 --- [           main] .s.d.r.c.RepositoryConfigurationDelegate : Bootstrapping Spring Data repositories in DEFAULT mode.
2020-03-26 02:46:05.244  INFO 22000 --- [           main] .s.d.r.c.RepositoryConfigurationDelegate : Finished Spring Data repository scanning in 137ms. Found 7 repository interfaces.
2020-03-26 02:46:05.759  INFO 22000 --- [           main] trationDelegate$BeanPostProcessorChecker : Bean 'org.springframework.transaction.annotation.ProxyTransactionManagementConfiguration' of type [org.springframework.transaction.annotation.ProxyTransactionManagementConfiguration$$EnhancerBySpringCGLIB$$1923f652] is not eligible for getting processed by all BeanPostProcessors (for example: not eligible for auto-proxying)
2020-03-26 02:46:06.006  INFO 22000 --- [           main] com.zaxxer.hikari.HikariDataSource       : HikariPool-1 - Starting...
2020-03-26 02:46:06.146  INFO 22000 --- [           main] com.zaxxer.hikari.HikariDataSource       : HikariPool-1 - Start completed.
2020-03-26 02:46:07.489  INFO 22000 --- [           main] j.LocalContainerEntityManagerFactoryBean : Initialized JPA EntityManagerFactory for persistence unit 'default'
2020-03-26 02:46:08.634 DEBUG 22000 --- [           main] o.s.w.s.handler.SimpleUrlHandlerMapping  : Patterns [/**/favicon.ico] in 'faviconHandlerMapping'
2020-03-26 02:46:08.843  INFO 22000 --- [           main] o.s.s.concurrent.ThreadPoolTaskExecutor  : Initializing ExecutorService 'applicationTaskExecutor'
2020-03-26 02:46:08.892 DEBUG 22000 --- [           main] s.w.s.m.m.a.RequestMappingHandlerAdapter : ControllerAdvice beans: 0 @ModelAttribute, 0 @InitBinder, 1 RequestBodyAdvice, 1 ResponseBodyAdvice
2020-03-26 02:46:08.949  WARN 22000 --- [           main] aWebConfiguration$JpaWebMvcConfiguration : spring.jpa.open-in-view is enabled by default. Therefore, database queries may be performed during view rendering. Explicitly configure spring.jpa.open-in-view to disable this warning
2020-03-26 02:46:09.016 DEBUG 22000 --- [           main] s.w.s.m.m.a.RequestMappingHandlerMapping : 18 mappings in 'requestMappingHandlerMapping'
2020-03-26 02:46:09.043 DEBUG 22000 --- [           main] o.s.w.s.handler.SimpleUrlHandlerMapping  : Patterns [/webjars/**, /**] in 'resourceHandlerMapping'
2020-03-26 02:46:09.073 DEBUG 22000 --- [           main] .m.m.a.ExceptionHandlerExceptionResolver : ControllerAdvice beans: 0 @ExceptionHandler, 1 ResponseBodyAdvice
2020-03-26 02:46:09.856  INFO 22000 --- [           main] c.e.d.i.r.InventoryRestControllerTests   : Started InventoryRestControllerTests in 6.242 seconds (JVM running for 7.491)
2020-03-26 02:46:09.990  INFO 22000 --- [           main] o.s.b.t.m.w.SpringBootMockServletContext : Initializing Spring TestDispatcherServlet ''
2020-03-26 02:46:09.990  INFO 22000 --- [           main] o.s.t.web.servlet.TestDispatcherServlet  : Initializing Servlet ''
2020-03-26 02:46:10.009  INFO 22000 --- [           main] o.s.t.web.servlet.TestDispatcherServlet  : Completed initialization in 19 ms
{
  "id" : 1,
  "serialNumber" : "A01",
  "equipmentCondition" : "UNSERVICEABLEREPAIRABLE",
  "plantInfo" : {
    "id" : 1,
    "name" : "Mini excavator",
    "description" : "1.5 Tonne Mini excavator",
    "price" : 150.00
  }
}
2020-03-26 02:46:10.181 DEBUG 22000 --- [           main] s.w.s.m.m.a.RequestMappingHandlerMapping : Mapped to public com.example.demo.inventory.application.dto.PlantInventoryItemDTO com.example.demo.inventory.rest.InventoryRestController.updatePlantItemStatus_v2(java.lang.Long,com.example.demo.inventory.application.dto.PlantInventoryItemDTO) throws java.lang.Exception
2020-03-26 02:46:10.209 DEBUG 22000 --- [           main] .w.s.m.m.a.ServletInvocableHandlerMethod : Could not resolve parameter [0] in public com.example.demo.inventory.application.dto.PlantInventoryItemDTO com.example.demo.inventory.rest.InventoryRestController.updatePlantItemStatus_v2(java.lang.Long,com.example.demo.inventory.application.dto.PlantInventoryItemDTO) throws java.lang.Exception: Failed to convert value of type 'java.lang.String' to required type 'java.lang.Long'; nested exception is java.lang.NumberFormatException: For input string: "1}"
2020-03-26 02:46:10.213  WARN 22000 --- [           main] .w.s.m.s.DefaultHandlerExceptionResolver : Resolved [org.springframework.web.method.annotation.MethodArgumentTypeMismatchException: Failed to convert value of type 'java.lang.String' to required type 'java.lang.Long'; nested exception is java.lang.NumberFormatException: For input string: "1}"]
========================================

{
  "id" : 1,
  "serialNumber" : "A01",
  "equipmentCondition" : "UNSERVICEABLEREPAIRABLE",
  "plantInfo" : {
    "id" : 1,
    "name" : "Mini excavator",
    "description" : "1.5 Tonne Mini excavator",
    "price" : 150.00
  }
}
========================================
]]></system-out>
  </testcase>
</testsuite>